<?xml version="1.0" encoding="UTF-8"?>
<!-- Generated by org.testng.reporters.JUnitXMLReporter -->
<testsuite ignored="0" hostname="PQA-0591LT" failures="1" tests="1" name="Test2" time="0.038" errors="0" timestamp="2023-08-25T10:58:12 EDT">
  <testcase classname="myprograms.Test2" name="MySecondTest" time="0.01">
    <failure type="java.lang.AssertionError" message="null">
      <![CDATA[java.lang.AssertionError: null
at myprograms.Test2.MySecondTest(Test2.java:11)
at java.base/java.util.ArrayList.forEach(ArrayList.java:1511)
... Removed 29 stack frames]]>
    </failure>
  </testcase> <!-- MySecondTest -->
</testsuite> <!-- Test2 -->
