<?xml version="1.0" encoding="UTF-8"?>
<!-- Generated by org.testng.reporters.JUnitXMLReporter -->
<testsuite ignored="0" hostname="PQA-0591LT" failures="1" tests="3" name="Command line test" time="10.451" errors="0" timestamp="2023-12-04T11:20:46 EST">
  <testcase classname="myprograms.SimpleTest" name="Test1" time="10.408"/>
  <testcase classname="myprograms.Test1" name="MyFirstTest" time="0.0"/>
  <testcase classname="myprograms.Test2" name="MySecondTest" time="0.003">
    <failure type="java.lang.AssertionError" message="null">
      <![CDATA[java.lang.AssertionError: null
at myprograms.Test2.MySecondTest(Test2.java:11)
at java.base/java.util.ArrayList.forEach(ArrayList.java:1511)
... Removed 39 stack frames]]>
    </failure>
  </testcase> <!-- MySecondTest -->
</testsuite> <!-- Command line test -->
