<?xml version="1.0" encoding="UTF-8"?>
<testng-results ignored="0" total="2" passed="2" failed="0" skipped="0">
  <reporter-output>
  </reporter-output>
  <suite started-at="2023-12-04T11:22:15 EST" name="Suite" finished-at="2023-12-04T11:22:21 EST" duration-ms="6276">
    <groups>
    </groups>
    <test started-at="2023-12-04T11:22:15 EST" name="Test1" finished-at="2023-12-04T11:22:21 EST" duration-ms="6276">
      <class name="myprograms.LearnExtentReports">
        <test-method is-config="true" signature="GenerateReports()[pri:0, instance:myprograms.LearnExtentReports@2f7298b]" started-at="2023-12-04T11:22:15 EST" name="GenerateReports" finished-at="2023-12-04T11:22:15 EST" duration-ms="161" status="PASS">
          <reporter-output>
          </reporter-output>
        </test-method> <!-- GenerateReports -->
        <test-method signature="NavigateTOObsqura()[pri:0, instance:myprograms.LearnExtentReports@2f7298b]" started-at="2023-12-04T11:22:15 EST" name="NavigateTOObsqura" finished-at="2023-12-04T11:22:21 EST" duration-ms="6059" status="PASS">
          <reporter-output>
          </reporter-output>
        </test-method> <!-- NavigateTOObsqura -->
        <test-method signature="SecondTest()[pri:0, instance:myprograms.LearnExtentReports@2f7298b]" started-at="2023-12-04T11:22:21 EST" name="SecondTest" finished-at="2023-12-04T11:22:21 EST" duration-ms="23" status="PASS">
          <reporter-output>
          </reporter-output>
        </test-method> <!-- SecondTest -->
      </class> <!-- myprograms.LearnExtentReports -->
    </test> <!-- Test1 -->
  </suite> <!-- Suite -->
</testng-results>
