<?xml version="1.0" encoding="UTF-8"?>
<testng-results ignored="0" total="1" passed="1" failed="0" skipped="0">
  <reporter-output>
  </reporter-output>
  <suite started-at="2023-09-16T12:03:18 EDT" name="Default suite" finished-at="2023-09-16T12:03:29 EDT" duration-ms="10216">
    <groups>
    </groups>
    <test started-at="2023-09-16T12:03:18 EDT" name="Default test" finished-at="2023-09-16T12:03:29 EDT" duration-ms="10216">
      <class name="myprograms.SimpleTest">
        <test-method signature="Test1()[pri:0, instance:myprograms.SimpleTest@747ddf94]" started-at="2023-09-16T12:03:18 EDT" name="Test1" finished-at="2023-09-16T12:03:29 EDT" duration-ms="10181" status="PASS">
          <reporter-output>
          </reporter-output>
        </test-method> <!-- Test1 -->
      </class> <!-- myprograms.SimpleTest -->
    </test> <!-- Default test -->
  </suite> <!-- Default suite -->
</testng-results>
